[debug] [2021-03-15T15:53:05.042Z] ----------------------------------------------------------------------
[debug] [2021-03-15T15:53:05.045Z] Command:       C:\Program Files\nodejs\node.exe C:\Users\User\AppData\Roaming\npm\node_modules\firebase-tools\lib\bin\firebase.js init
[debug] [2021-03-15T15:53:05.046Z] CLI Version:   9.6.1
[debug] [2021-03-15T15:53:05.046Z] Platform:      win32
[debug] [2021-03-15T15:53:05.046Z] Node Version:  v12.18.4
[debug] [2021-03-15T15:53:05.047Z] Time:          Mon Mar 15 2021 20:53:05 GMT+0500 (GMT+05:00)
[debug] [2021-03-15T15:53:05.047Z] ----------------------------------------------------------------------
[debug] [2021-03-15T15:53:05.047Z] 
[debug] [2021-03-15T15:53:05.055Z] > command requires scopes: ["email","openid","https://www.googleapis.com/auth/cloudplatformprojects.readonly","https://www.googleapis.com/auth/firebase","https://www.googleapis.com/auth/cloud-platform"]
[debug] [2021-03-15T15:53:05.056Z] > authorizing via signed-in user
[info] 
     ######## #### ########  ######## ########     ###     ######  ########
     ##        ##  ##     ## ##       ##     ##  ##   ##  ##       ##
     ######    ##  ########  ######   ########  #########  ######  ######
     ##        ##  ##    ##  ##       ##     ## ##     ##       ## ##
     ##       #### ##     ## ######## ########  ##     ##  ######  ########

You're about to initialize a Firebase project in this directory:

  C:\Users\User\Desktop\Frontend-разработка\react-todo

[info] 
=== Project Setup
[info] 
[info] First, let's associate this project directory with a Firebase project.
[info] You can create multiple project aliases by running firebase use --add, 
[info] but for now we'll just set up a default project.
[info] 
[debug] [2021-03-15T15:54:01.552Z] > refreshing access token with scopes: []
[debug] [2021-03-15T15:54:01.554Z] >>> HTTP REQUEST POST https://www.googleapis.com/oauth2/v3/token  
 <request body omitted>
[debug] [2021-03-15T15:54:01.812Z] <<< HTTP RESPONSE 200 {"expires":"Mon, 01 Jan 1990 00:00:00 GMT","pragma":"no-cache","cache-control":"no-cache, no-store, max-age=0, must-revalidate","date":"Mon, 15 Mar 2021 15:54:03 GMT","content-type":"application/json; charset=utf-8","vary":"X-Origin, Referer, Origin,Accept-Encoding","server":"scaffolding on HTTPServer2","x-xss-protection":"0","x-frame-options":"SAMEORIGIN","x-content-type-options":"nosniff","alt-svc":"h3-29=\":443\"; ma=2592000,h3-T051=\":443\"; ma=2592000,h3-Q050=\":443\"; ma=2592000,h3-Q046=\":443\"; ma=2592000,h3-Q043=\":443\"; ma=2592000,quic=\":443\"; ma=2592000; v=\"46,43\"","accept-ranges":"none","transfer-encoding":"chunked"}
[debug] [2021-03-15T15:54:01.869Z] >>> [apiv2][query] GET https://firebase.googleapis.com/v1beta1/projects pageSize=100
[debug] [2021-03-15T15:54:02.372Z] <<< [apiv2][status] GET https://firebase.googleapis.com/v1beta1/projects 200
[debug] [2021-03-15T15:54:02.372Z] <<< [apiv2][body] GET https://firebase.googleapis.com/v1beta1/projects [omitted]
[info] i  Using project react-todo-4b95b (React Todo) 
[info] 
=== Firestore Setup
[debug] [2021-03-15T15:54:08.905Z] > refreshing access token with scopes: ["email","https://www.googleapis.com/auth/cloud-platform","https://www.googleapis.com/auth/cloudplatformprojects.readonly","https://www.googleapis.com/auth/firebase","openid"]
[debug] [2021-03-15T15:54:08.906Z] >>> HTTP REQUEST POST https://www.googleapis.com/oauth2/v3/token  
 <request body omitted>
[debug] [2021-03-15T15:54:09.042Z] <<< HTTP RESPONSE 200 {"pragma":"no-cache","cache-control":"no-cache, no-store, max-age=0, must-revalidate","date":"Mon, 15 Mar 2021 15:54:10 GMT","expires":"Mon, 01 Jan 1990 00:00:00 GMT","content-type":"application/json; charset=utf-8","vary":"X-Origin, Referer, Origin,Accept-Encoding","server":"scaffolding on HTTPServer2","x-xss-protection":"0","x-frame-options":"SAMEORIGIN","x-content-type-options":"nosniff","alt-svc":"h3-29=\":443\"; ma=2592000,h3-T051=\":443\"; ma=2592000,h3-Q050=\":443\"; ma=2592000,h3-Q046=\":443\"; ma=2592000,h3-Q043=\":443\"; ma=2592000,quic=\":443\"; ma=2592000; v=\"46,43\"","accept-ranges":"none","transfer-encoding":"chunked"}
[debug] [2021-03-15T15:54:09.092Z] >>> HTTP REQUEST GET https://serviceusage.googleapis.com/v1/projects/react-todo-4b95b/services/firestore.googleapis.com  
 
[debug] [2021-03-15T15:54:10.252Z] <<< HTTP RESPONSE 200 {"content-type":"application/json; charset=UTF-8","vary":"X-Origin, Referer, Origin,Accept-Encoding","date":"Mon, 15 Mar 2021 15:54:11 GMT","server":"ESF","cache-control":"private","x-xss-protection":"0","x-frame-options":"SAMEORIGIN","x-content-type-options":"nosniff","alt-svc":"h3-29=\":443\"; ma=2592000,h3-T051=\":443\"; ma=2592000,h3-Q050=\":443\"; ma=2592000,h3-Q046=\":443\"; ma=2592000,h3-Q043=\":443\"; ma=2592000,quic=\":443\"; ma=2592000; v=\"46,43\"","accept-ranges":"none","transfer-encoding":"chunked"}
[debug] [2021-03-15T15:54:10.254Z] >>> HTTP REQUEST GET https://appengine.googleapis.com/v1/apps/react-todo-4b95b  
 
[debug] [2021-03-15T15:54:10.769Z] <<< HTTP RESPONSE 200 {"content-type":"application/json; charset=UTF-8","vary":"X-Origin, Referer, Origin,Accept-Encoding","date":"Mon, 15 Mar 2021 15:54:12 GMT","server":"ESF","cache-control":"private","x-xss-protection":"0","x-frame-options":"SAMEORIGIN","x-content-type-options":"nosniff","alt-svc":"h3-29=\":443\"; ma=2592000,h3-T051=\":443\"; ma=2592000,h3-Q050=\":443\"; ma=2592000,h3-Q046=\":443\"; ma=2592000,h3-Q043=\":443\"; ma=2592000,quic=\":443\"; ma=2592000; v=\"46,43\"","accept-ranges":"none","transfer-encoding":"chunked"}
[debug] [2021-03-15T15:54:10.770Z] database_type: CLOUD_FIRESTORE
[debug] [2021-03-15T15:54:10.771Z] > command requires scopes: ["email","openid","https://www.googleapis.com/auth/cloudplatformprojects.readonly","https://www.googleapis.com/auth/firebase","https://www.googleapis.com/auth/cloud-platform"]
[debug] [2021-03-15T15:54:10.772Z] > authorizing via signed-in user
[debug] [2021-03-15T15:54:10.773Z] [iam] checking project react-todo-4b95b for permissions ["firebase.projects.get"]
[debug] [2021-03-15T15:54:10.773Z] >>> HTTP REQUEST POST https://cloudresourcemanager.googleapis.com/v1/projects/react-todo-4b95b:testIamPermissions  
 {"permissions":["firebase.projects.get"]}
[debug] [2021-03-15T15:54:11.715Z] <<< HTTP RESPONSE 200 {"content-type":"application/json; charset=UTF-8","vary":"X-Origin, Referer, Origin,Accept-Encoding","date":"Mon, 15 Mar 2021 15:54:13 GMT","server":"ESF","cache-control":"private","x-xss-protection":"0","x-frame-options":"SAMEORIGIN","x-content-type-options":"nosniff","server-timing":"gfet4t7; dur=769","alt-svc":"h3-29=\":443\"; ma=2592000,h3-T051=\":443\"; ma=2592000,h3-Q050=\":443\"; ma=2592000,h3-Q046=\":443\"; ma=2592000,h3-Q043=\":443\"; ma=2592000,quic=\":443\"; ma=2592000; v=\"46,43\"","accept-ranges":"none","transfer-encoding":"chunked"}
[info] 
[info] Firestore Security Rules allow you to define how and when to allow
[info] requests. You can keep these rules in your project directory
[info] and publish them with firebase deploy.
[info] 
[debug] [2021-03-15T15:54:22.414Z] >>> HTTP REQUEST GET https://firebaserules.googleapis.com/v1/projects/react-todo-4b95b/releases?pageSize=10&pageToken=  
 
[debug] [2021-03-15T15:54:22.938Z] <<< HTTP RESPONSE 200 {"content-type":"application/json; charset=UTF-8","vary":"X-Origin, Referer, Origin,Accept-Encoding","date":"Mon, 15 Mar 2021 15:54:24 GMT","server":"ESF","cache-control":"private","x-xss-protection":"0","x-frame-options":"SAMEORIGIN","x-content-type-options":"nosniff","alt-svc":"h3-29=\":443\"; ma=2592000,h3-T051=\":443\"; ma=2592000,h3-Q050=\":443\"; ma=2592000,h3-Q046=\":443\"; ma=2592000,h3-Q043=\":443\"; ma=2592000,quic=\":443\"; ma=2592000; v=\"46,43\"","accept-ranges":"none","transfer-encoding":"chunked"}
[debug] [2021-03-15T15:54:22.939Z] Found ruleset: projects/react-todo-4b95b/rulesets/9419a1a8-590f-4b6a-9165-6da9bdb347c6
[debug] [2021-03-15T15:54:22.940Z] >>> HTTP REQUEST GET https://firebaserules.googleapis.com/v1/projects/react-todo-4b95b/rulesets/9419a1a8-590f-4b6a-9165-6da9bdb347c6  
 
[debug] [2021-03-15T15:54:23.878Z] <<< HTTP RESPONSE 200 {"content-type":"application/json; charset=UTF-8","vary":"X-Origin, Referer, Origin,Accept-Encoding","date":"Mon, 15 Mar 2021 15:54:25 GMT","server":"ESF","cache-control":"private","x-xss-protection":"0","x-frame-options":"SAMEORIGIN","x-content-type-options":"nosniff","alt-svc":"h3-29=\":443\"; ma=2592000,h3-T051=\":443\"; ma=2592000,h3-Q050=\":443\"; ma=2592000,h3-Q046=\":443\"; ma=2592000,h3-Q043=\":443\"; ma=2592000,quic=\":443\"; ma=2592000; v=\"46,43\"","accept-ranges":"none","transfer-encoding":"chunked"}
[info] 
[info] Firestore indexes allow you to perform complex queries while
[info] maintaining performance that scales with the size of the result
[info] set. You can keep index definitions in your project directory
[info] and publish them with firebase deploy.
[info] 
[debug] [2021-03-15T15:54:32.677Z] >>> HTTP REQUEST GET https://firestore.googleapis.com/v1/projects/react-todo-4b95b/databases/(default)/collectionGroups/-/indexes  
 
[debug] [2021-03-15T15:54:32.678Z] >>> HTTP REQUEST GET https://firestore.googleapis.com/v1/projects/react-todo-4b95b/databases/(default)/collectionGroups/-/fields?filter=indexConfig.usesAncestorConfig=false  
 
[debug] [2021-03-15T15:54:33.657Z] <<< HTTP RESPONSE 200 {"content-type":"application/json; charset=UTF-8","vary":"X-Origin, Referer, Origin,Accept-Encoding","date":"Mon, 15 Mar 2021 15:54:35 GMT","server":"ESF","cache-control":"private","x-xss-protection":"0","x-frame-options":"SAMEORIGIN","x-content-type-options":"nosniff","alt-svc":"h3-29=\":443\"; ma=2592000,h3-T051=\":443\"; ma=2592000,h3-Q050=\":443\"; ma=2592000,h3-Q046=\":443\"; ma=2592000,h3-Q043=\":443\"; ma=2592000,quic=\":443\"; ma=2592000; v=\"46,43\"","accept-ranges":"none","transfer-encoding":"chunked"}
[debug] [2021-03-15T15:54:33.983Z] <<< HTTP RESPONSE 200 {"content-type":"application/json; charset=UTF-8","vary":"X-Origin, Referer, Origin,Accept-Encoding","date":"Mon, 15 Mar 2021 15:54:35 GMT","server":"ESF","cache-control":"private","x-xss-protection":"0","x-frame-options":"SAMEORIGIN","x-content-type-options":"nosniff","alt-svc":"h3-29=\":443\"; ma=2592000,h3-T051=\":443\"; ma=2592000,h3-Q050=\":443\"; ma=2592000,h3-Q046=\":443\"; ma=2592000,h3-Q043=\":443\"; ma=2592000,quic=\":443\"; ma=2592000; v=\"46,43\"","accept-ranges":"none","transfer-encoding":"chunked"}
[info] 
=== Hosting Setup
[info] 
[info] Your public directory is the folder (relative to your project directory) that
[info] will contain Hosting assets to be uploaded with firebase deploy. If you
[info] have a build process for your assets, use your build's output directory.
[info] 
[debug] [2021-03-15T15:56:07.369Z] >>> [apiv2][query] GET https://www.gstatic.com/firebasejs/releases.json [none]
[debug] [2021-03-15T15:56:07.511Z] <<< [apiv2][status] GET https://www.gstatic.com/firebasejs/releases.json 200
[debug] [2021-03-15T15:56:07.512Z] <<< [apiv2][body] GET https://www.gstatic.com/firebasejs/releases.json {"current":{"version":"8.3.0","browserURL":"https://www.gstatic.com/firebasejs/8.3.0/firebase.js","packageURL":"https://www.gstatic.com/firebasejs/8.3.0/firebase.tgz"},"live":{"version":"8.3","browserURL":"https://www.gstatic.com/firebasejs/live/8.3/firebase.js","packageURL":"https://www.gstatic.com/firebasejs/live/8.3/firebase.tgz"},"components":{"analytics":"https://www.gstatic.com/firebasejs/8.3.0/firebase-analytics.js","app":"https://www.gstatic.com/firebasejs/8.3.0/firebase-app.js","auth":"https://www.gstatic.com/firebasejs/8.3.0/firebase-auth.js","database":"https://www.gstatic.com/firebasejs/8.3.0/firebase-database.js","firestore":"https://www.gstatic.com/firebasejs/8.3.0/firebase-firestore.js","functions":"https://www.gstatic.com/firebasejs/8.3.0/firebase-functions.js","installations":"https://www.gstatic.com/firebasejs/8.3.0/firebase-installations.js","messaging":"https://www.gstatic.com/firebasejs/8.3.0/firebase-messaging.js","storage":"https://www.gstatic.com/firebasejs/8.3.0/firebase-storage.js","performance":"https://www.gstatic.com/firebasejs/8.3.0/firebase-performance.js","remote-config":"https://www.gstatic.com/firebasejs/8.3.0/firebase-remote-config.js","firestore.memory":"https://www.gstatic.com/firebasejs/8.3.0/firebase-firestore.memory.js"}}
[info] +  Wrote public/index.html 
[info] 
[info] i  Detected a .git folder at C:\Users\User\Desktop\Frontend-разработка\react-todo 
[info] i  Authorizing with GitHub to upload your service account to a GitHub repository's secrets store. 
[info] 
[info] Visit this URL on this device to log in:
[info] https://github.com/login/oauth/authorize?client_id=89cf50f02ac6aaed3484&state=626259563&redirect_uri=http%3A%2F%2Flocalhost%3A9005&scope=read%3Auser%20repo%20public_repo
[info] 
[info] Waiting for authentication...
[debug] [2021-03-15T16:01:44.781Z] >>> HTTP REQUEST POST https://github.com/login/oauth/access_token  
 {"client_id":"89cf50f02ac6aaed3484","client_secret":"3330d14abc895d9a74d5f17cd7a00711fa2c5bf0","code":"d2bdc44626b827a4ba66","redirect_uri":"http://localhost:9005","state":"626259563"}
[debug] [2021-03-15T16:01:45.184Z] <<< HTTP RESPONSE 200 {"server":"GitHub.com","date":"Mon, 15 Mar 2021 16:01:46 GMT","content-type":"application/json; charset=utf-8","transfer-encoding":"chunked","vary":"X-PJAX, Accept-Encoding, Accept, X-Requested-With","etag":"W/\"56dae11f97bb27e4aef590373de2fca9\"","cache-control":"max-age=0, private, must-revalidate","strict-transport-security":"max-age=31536000; includeSubdomains; preload","x-frame-options":"deny","x-content-type-options":"nosniff","x-xss-protection":"1; mode=block","referrer-policy":"origin-when-cross-origin, strict-origin-when-cross-origin","expect-ct":"max-age=2592000, report-uri=\"https://api.github.com/_private/browser/errors\"","content-security-policy":"default-src 'none'; base-uri 'self'; block-all-mixed-content; connect-src 'self' uploads.github.com www.githubstatus.com collector.githubapp.com api.github.com github-cloud.s3.amazonaws.com github-production-repository-file-5c1aeb.s3.amazonaws.com github-production-upload-manifest-file-7fdce7.s3.amazonaws.com github-production-user-asset-6210df.s3.amazonaws.com cdn.optimizely.com logx.optimizely.com/v1/events wss://alive.github.com; font-src github.githubassets.com; form-action 'self' github.com gist.github.com; frame-ancestors 'none'; frame-src render.githubusercontent.com; img-src 'self' data: github.githubassets.com identicons.github.com collector.githubapp.com github-cloud.s3.amazonaws.com secured-user-images.githubusercontent.com/ *.githubusercontent.com; manifest-src 'self'; media-src 'none'; script-src github.githubassets.com; style-src 'unsafe-inline' github.githubassets.com; worker-src github.com/socket-worker-6832eced.js gist.github.com/socket-worker-6832eced.js","x-github-request-id":"FD87:94BF:2ABE1B:2C6B34:604F84EA"}
[debug] [2021-03-15T16:01:45.212Z] >>> [apiv2][query] GET https://api.github.com/user [none]
[debug] [2021-03-15T16:01:45.633Z] <<< [apiv2][status] GET https://api.github.com/user 200
[debug] [2021-03-15T16:01:45.633Z] <<< [apiv2][body] GET https://api.github.com/user {"login":"alexshev34","id":63772240,"node_id":"MDQ6VXNlcjYzNzcyMjQw","avatar_url":"https://avatars.githubusercontent.com/u/63772240?v=4","gravatar_id":"","url":"https://api.github.com/users/alexshev34","html_url":"https://github.com/alexshev34","followers_url":"https://api.github.com/users/alexshev34/followers","following_url":"https://api.github.com/users/alexshev34/following{/other_user}","gists_url":"https://api.github.com/users/alexshev34/gists{/gist_id}","starred_url":"https://api.github.com/users/alexshev34/starred{/owner}{/repo}","subscriptions_url":"https://api.github.com/users/alexshev34/subscriptions","organizations_url":"https://api.github.com/users/alexshev34/orgs","repos_url":"https://api.github.com/users/alexshev34/repos","events_url":"https://api.github.com/users/alexshev34/events{/privacy}","received_events_url":"https://api.github.com/users/alexshev34/received_events","type":"User","site_admin":false,"name":null,"company":null,"blog":"","location":null,"email":null,"hireable":null,"bio":null,"twitter_username":null,"public_repos":14,"public_gists":0,"followers":0,"following":0,"created_at":"2020-04-16T06:07:24Z","updated_at":"2021-03-15T16:01:46Z","private_gists":0,"total_private_repos":3,"owned_private_repos":3,"disk_usage":135792,"collaborators":0,"two_factor_authentication":false,"plan":{"name":"free","space":976562499,"collaborators":0,"private_repos":10000}}
[info] 
[info] +  Success! Logged into GitHub as alexshev34 
[info] 
[debug] [2021-03-15T16:01:45.727Z] >>> [apiv2][query] GET https://api.github.com/repos//actions/secrets/public-key type=owner
[debug] [2021-03-15T16:01:45.730Z] >>> [apiv2][query] GET https://api.github.com/repos//actions/secrets/public-key type=owner
[debug] [2021-03-15T16:01:45.734Z] >>> [apiv2][query] GET https://api.github.com/repos//actions/secrets/public-key type=owner
[debug] [2021-03-15T16:01:45.737Z] >>> [apiv2][query] GET https://api.github.com/repos/ j/actions/secrets/public-key type=owner
[debug] [2021-03-15T16:01:46.080Z] <<< [apiv2][status] GET https://api.github.com/repos//actions/secrets/public-key 404
[debug] [2021-03-15T16:01:46.081Z] <<< [apiv2][body] GET https://api.github.com/repos//actions/secrets/public-key {"message":"Not Found","documentation_url":"https://docs.github.com/rest"}
[debug] [2021-03-15T16:01:46.096Z] <<< [apiv2][status] GET https://api.github.com/repos//actions/secrets/public-key 404
[debug] [2021-03-15T16:01:46.097Z] <<< [apiv2][body] GET https://api.github.com/repos//actions/secrets/public-key {"message":"Not Found","documentation_url":"https://docs.github.com/rest"}
[debug] [2021-03-15T16:01:46.102Z] <<< [apiv2][status] GET https://api.github.com/repos//actions/secrets/public-key 404
[debug] [2021-03-15T16:01:46.102Z] <<< [apiv2][body] GET https://api.github.com/repos//actions/secrets/public-key {"message":"Not Found","documentation_url":"https://docs.github.com/rest"}
[debug] [2021-03-15T16:01:46.108Z] <<< [apiv2][status] GET https://api.github.com/repos/ j/actions/secrets/public-key 404
[debug] [2021-03-15T16:01:46.109Z] <<< [apiv2][body] GET https://api.github.com/repos/ j/actions/secrets/public-key {"message":"Not Found","documentation_url":"https://docs.github.com/rest"}
[debug] [2021-03-15T16:03:45.214Z] >>> [apiv2][query] GET https://api.github.com/repos/react-todo/actions/secrets/public-key type=owner
[debug] [2021-03-15T16:03:45.616Z] <<< [apiv2][status] GET https://api.github.com/repos/react-todo/actions/secrets/public-key 404
[debug] [2021-03-15T16:03:45.617Z] <<< [apiv2][body] GET https://api.github.com/repos/react-todo/actions/secrets/public-key {"message":"Not Found","documentation_url":"https://docs.github.com/rest"}
[debug] [2021-03-15T16:06:14.638Z] >>> [apiv2][query] GET https://api.github.com/repos/ react-todo/actions/secrets/public-key type=owner
[debug] [2021-03-15T16:06:14.980Z] <<< [apiv2][status] GET https://api.github.com/repos/ react-todo/actions/secrets/public-key 404
[debug] [2021-03-15T16:06:14.980Z] <<< [apiv2][body] GET https://api.github.com/repos/ react-todo/actions/secrets/public-key {"message":"Not Found","documentation_url":"https://docs.github.com/rest"}
